[2026-04-25 13:25:28,553] [INFO] [cache.staging] restored staging rows 1m=0 3m=0
[2026-04-25 13:25:28,559] [INFO] [fallback.stop] restored fallback stops active=0
[2026-04-25 13:25:28,738] [INFO] [exchange.binance] server time synced offset_ms=43 rtt_ms=177
[2026-04-25 13:25:28,836] [INFO] [app] symbol registry loaded data_symbols=535 candidate_symbols=528
[2026-04-25 13:25:29,573] [INFO] [market_data.backfill] backfill completed symbol=0GUSDT interval=1m inserted=50
[2026-04-25 13:25:29,629] [INFO] [market_data.backfill] backfill completed symbol=0GUSDT interval=3m inserted=17
[2026-04-25 13:25:29,687] [INFO] [market_data.backfill] backfill completed symbol=1000000BOBUSDT interval=1m inserted=50
[2026-04-25 13:25:29,744] [INFO] [market_data.backfill] backfill completed symbol=1000000BOBUSDT interval=3m inserted=17
[2026-04-25 13:25:29,801] [INFO] [market_data.backfill] backfill completed symbol=1000000MOGUSDT interval=1m inserted=50
[2026-04-25 13:25:29,856] [INFO] [market_data.backfill] backfill completed symbol=1000000MOGUSDT interval=3m inserted=17
[2026-04-25 13:25:29,916] [INFO] [market_data.backfill] backfill completed symbol=1000BONKUSDT interval=1m inserted=50
[2026-04-25 13:25:29,976] [INFO] [market_data.backfill] backfill completed symbol=1000BONKUSDT interval=3m inserted=17
[2026-04-25 13:25:30,033] [INFO] [market_data.backfill] backfill completed symbol=1000CATUSDT interval=1m inserted=50
[2026-04-25 13:25:30,091] [INFO] [market_data.backfill] backfill completed symbol=1000CATUSDT interval=3m inserted=17
[2026-04-25 13:25:30,149] [INFO] [market_data.backfill] backfill completed symbol=1000CHEEMSUSDT interval=1m inserted=50
[2026-04-25 13:25:30,210] [INFO] [market_data.backfill] backfill completed symbol=1000CHEEMSUSDT interval=3m inserted=17
[2026-04-25 13:25:30,275] [INFO] [market_data.backfill] backfill completed symbol=1000FLOKIUSDT interval=1m inserted=50
[2026-04-25 13:25:30,330] [INFO] [market_data.backfill] backfill completed symbol=1000FLOKIUSDT interval=3m inserted=17
[2026-04-25 13:25:30,389] [INFO] [market_data.backfill] backfill completed symbol=1000LUNCUSDT interval=1m inserted=50
[2026-04-25 13:25:30,460] [INFO] [market_data.backfill] backfill completed symbol=1000LUNCUSDT interval=3m inserted=17
[2026-04-25 13:25:30,522] [INFO] [market_data.backfill] backfill completed symbol=1000PEPEUSDT interval=1m inserted=50
[2026-04-25 13:25:30,586] [INFO] [market_data.backfill] backfill completed symbol=1000PEPEUSDT interval=3m inserted=17
[2026-04-25 13:25:30,653] [INFO] [market_data.backfill] backfill completed symbol=1000RATSUSDT interval=1m inserted=50
[2026-04-25 13:25:30,688] [INFO] [notify.telegram] telegram sent event_type=SERVER_TIME_SYNC_OK
[2026-04-25 13:25:30,711] [INFO] [market_data.backfill] backfill completed symbol=1000RATSUSDT interval=3m inserted=17
[2026-04-25 13:25:30,766] [INFO] [market_data.backfill] backfill completed symbol=1000SATSUSDT interval=1m inserted=50
[2026-04-25 13:25:30,823] [INFO] [market_data.backfill] backfill completed symbol=1000SATSUSDT interval=3m inserted=17
[2026-04-25 13:25:30,884] [INFO] [market_data.backfill] backfill completed symbol=1000SHIBUSDT interval=1m inserted=50
[2026-04-25 13:25:30,939] [INFO] [market_data.backfill] backfill completed symbol=1000SHIBUSDT interval=3m inserted=17
[2026-04-25 13:25:30,998] [INFO] [market_data.backfill] backfill completed symbol=1000XECUSDT interval=1m inserted=50
[2026-04-25 13:25:31,053] [INFO] [market_data.backfill] backfill completed symbol=1000XECUSDT interval=3m inserted=17
[2026-04-25 13:25:31,112] [INFO] [notify.telegram] telegram sent event_type=BACKFILL_STARTED
[2026-04-25 13:25:31,179] [INFO] [market_data.backfill] backfill completed symbol=1INCHUSDT interval=1m inserted=50
[2026-04-25 13:25:31,298] [INFO] [market_data.backfill] backfill completed symbol=1INCHUSDT interval=3m inserted=17
[2026-04-25 13:25:31,419] [INFO] [market_data.backfill] backfill completed symbol=1MBABYDOGEUSDT interval=1m inserted=50
[2026-04-25 13:25:31,552] [INFO] [market_data.backfill] backfill completed symbol=1MBABYDOGEUSDT interval=3m inserted=17
[2026-04-25 13:25:31,610] [INFO] [market_data.backfill] backfill completed symbol=2ZUSDT interval=1m inserted=50
[2026-04-25 13:25:31,665] [INFO] [market_data.backfill] backfill completed symbol=2ZUSDT interval=3m inserted=17
[2026-04-25 13:25:31,724] [INFO] [market_data.backfill] backfill completed symbol=4USDT interval=1m inserted=50
[2026-04-25 13:25:31,781] [INFO] [market_data.backfill] backfill completed symbol=4USDT interval=3m inserted=17
[2026-04-25 13:25:31,900] [INFO] [market_data.backfill] backfill completed symbol=AAVEUSDT interval=1m inserted=50
[2026-04-25 13:25:31,955] [INFO] [market_data.backfill] backfill completed symbol=AAVEUSDT interval=3m inserted=17
[2026-04-25 13:25:32,083] [INFO] [market_data.backfill] backfill completed symbol=ACEUSDT interval=1m inserted=50
[2026-04-25 13:25:32,146] [INFO] [market_data.backfill] backfill completed symbol=ACEUSDT interval=3m inserted=17
[2026-04-25 13:25:32,200] [INFO] [market_data.backfill] backfill completed symbol=ACHUSDT interval=1m inserted=50
[2026-04-25 13:25:32,323] [INFO] [market_data.backfill] backfill completed symbol=ACHUSDT interval=3m inserted=17
[2026-04-25 13:25:32,380] [INFO] [market_data.backfill] backfill completed symbol=ACTUSDT interval=1m inserted=50
[2026-04-25 13:25:32,435] [INFO] [market_data.backfill] backfill completed symbol=ACTUSDT interval=3m inserted=17
[2026-04-25 13:25:32,500] [INFO] [market_data.backfill] backfill completed symbol=ACUUSDT interval=1m inserted=50
[2026-04-25 13:25:32,557] [INFO] [market_data.backfill] backfill completed symbol=ACUUSDT interval=3m inserted=17
[2026-04-25 13:25:32,623] [INFO] [market_data.backfill] backfill completed symbol=ACXUSDT interval=1m inserted=50
[2026-04-25 13:25:32,679] [INFO] [market_data.backfill] backfill completed symbol=ACXUSDT interval=3m inserted=17
[2026-04-25 13:25:32,734] [INFO] [market_data.backfill] backfill completed symbol=ADAUSDT interval=1m inserted=50
[2026-04-25 13:25:32,786] [INFO] [market_data.backfill] backfill completed symbol=ADAUSDT interval=3m inserted=17
[2026-04-25 13:25:32,849] [INFO] [market_data.backfill] backfill completed symbol=AERGOUSDT interval=1m inserted=50
[2026-04-25 13:25:32,902] [INFO] [market_data.backfill] backfill completed symbol=AERGOUSDT interval=3m inserted=17
[2026-04-25 13:25:32,964] [INFO] [market_data.backfill] backfill completed symbol=AEROUSDT interval=1m inserted=50
[2026-04-25 13:25:33,020] [INFO] [market_data.backfill] backfill completed symbol=AEROUSDT interval=3m inserted=17
[2026-04-25 13:25:33,077] [INFO] [market_data.backfill] backfill completed symbol=AEVOUSDT interval=1m inserted=50
[2026-04-25 13:25:33,130] [INFO] [market_data.backfill] backfill completed symbol=AEVOUSDT interval=3m inserted=17
[2026-04-25 13:25:33,191] [INFO] [market_data.backfill] backfill completed symbol=AGLDUSDT interval=1m inserted=50
[2026-04-25 13:25:33,245] [INFO] [market_data.backfill] backfill completed symbol=AGLDUSDT interval=3m inserted=17
[2026-04-25 13:25:33,300] [INFO] [market_data.backfill] backfill completed symbol=AGTUSDT interval=1m inserted=50
[2026-04-25 13:25:33,358] [INFO] [market_data.backfill] backfill completed symbol=AGTUSDT interval=3m inserted=17
[2026-04-25 13:25:33,417] [INFO] [market_data.backfill] backfill completed symbol=AIAUSDT interval=1m inserted=50
[2026-04-25 13:25:33,481] [INFO] [market_data.backfill] backfill completed symbol=AIAUSDT interval=3m inserted=17
[2026-04-25 13:25:33,542] [INFO] [market_data.backfill] backfill completed symbol=AINUSDT interval=1m inserted=50
[2026-04-25 13:25:33,597] [INFO] [market_data.backfill] backfill completed symbol=AINUSDT interval=3m inserted=17
[2026-04-25 13:25:37,699] [INFO] [market_data.backfill] backfill completed symbol=AIOTUSDT interval=1m inserted=3249
[2026-04-25 13:25:42,674] [INFO] [market_data.backfill] backfill completed symbol=AIOTUSDT interval=3m inserted=4399
[2026-04-25 13:25:56,942] [INFO] [market_data.backfill] backfill completed symbol=AIOUSDT interval=1m inserted=12999
[2026-04-25 13:26:01,690] [INFO] [market_data.backfill] backfill completed symbol=AIOUSDT interval=3m inserted=4399
[2026-04-25 13:26:15,752] [INFO] [market_data.backfill] backfill completed symbol=AIUSDT interval=1m inserted=12999
[2026-04-25 13:26:20,579] [INFO] [market_data.backfill] backfill completed symbol=AIUSDT interval=3m inserted=4399
[2026-04-25 13:26:35,175] [INFO] [market_data.backfill] backfill completed symbol=AIXBTUSDT interval=1m inserted=12999
[2026-04-25 13:26:40,109] [INFO] [market_data.backfill] backfill completed symbol=AIXBTUSDT interval=3m inserted=4399
[2026-04-25 13:26:53,426] [WARNING] [exchange.binance] request retry method=GET path=/fapi/v1/klines attempt=1/3 delay=1.0s error=status=429 code=-1003 msg=Too many requests; current limit of IP(180.177.8.138) is 2400 requests per minute. Please use the websocket for live updates to avoid polling the API.
[2026-04-25 13:26:54,480] [WARNING] [exchange.binance] request retry method=GET path=/fapi/v1/klines attempt=2/3 delay=2.0s error=status=429 code=-1003 msg=Too many requests; current limit of IP(180.177.8.138) is 2400 requests per minute. Please use the websocket for live updates to avoid polling the API.
[2026-04-25 13:26:54,603] [INFO] [notify.telegram] telegram sent event_type=BINANCE_API_RETRY
[2026-04-25 13:26:55,037] [INFO] [notify.telegram] telegram sent event_type=BINANCE_API_RETRY
[2026-04-25 13:26:56,564] [ERROR] [exchange.binance] request failed method=GET path=/fapi/v1/klines attempt=3/3 error=status=429 code=-1003 msg=Too many requests; current limit of IP(180.177.8.138) is 2400 requests per minute. Please use the websocket for live updates to avoid polling the API.
[2026-04-25 13:26:56,568] [ERROR] [app] [BLOCKED] backfill bootstrap failed error=status=429 code=-1003 msg=Too many requests; current limit of IP(180.177.8.138) is 2400 requests per minute. Please use the websocket for live updates to avoid polling the API.
[2026-04-25 13:26:56,736] [WARNING] [exchange.binance] request retry method=GET path=/fapi/v1/klines attempt=1/3 delay=1.0s error=status=429 code=-1003 msg=Too many requests; current limit of IP(180.177.8.138) is 2400 requests per minute. Please use the websocket for live updates to avoid polling the API.
[2026-04-25 13:26:56,993] [INFO] [notify.telegram] telegram sent event_type=BINANCE_API_BLOCKED
[2026-04-25 13:26:57,418] [INFO] [notify.telegram] telegram sent event_type=BACKFILL_BOOTSTRAP_FAILED
[2026-04-25 13:26:57,839] [INFO] [notify.telegram] telegram sent event_type=APP_SHUTDOWN
Traceback (most recent call last):
  File "/media/sf_agent_sanbox_vm/Auto_buy_Crypto/main.py", line 40, in <module>
    main()
  File "/media/sf_agent_sanbox_vm/Auto_buy_Crypto/main.py", line 28, in main
    asyncio.run(app.backfill_only())
  File "/usr/lib/python3.12/asyncio/runners.py", line 194, in run
    return runner.run(main)
           ^^^^^^^^^^^^^^^^
  File "/usr/lib/python3.12/asyncio/runners.py", line 118, in run
    return self._loop.run_until_complete(task)
           ^^^^^^^^^^^^^^^^^^^^^^^^^^^^^^^^^^^
  File "/usr/lib/python3.12/asyncio/base_events.py", line 687, in run_until_complete
    return future.result()
           ^^^^^^^^^^^^^^^
  File "/media/sf_agent_sanbox_vm/Auto_buy_Crypto/pump_system/app.py", line 96, in backfill_only
    await self._bootstrap(run_backfill=True)
  File "/media/sf_agent_sanbox_vm/Auto_buy_Crypto/pump_system/app.py", line 171, in _bootstrap
    await self.backfill_service.backfill_universe(sorted(self.symbol_registry.data_symbols))
  File "/media/sf_agent_sanbox_vm/Auto_buy_Crypto/pump_system/market_data/backfill.py", line 84, in backfill_universe
    inserted_counts = await asyncio.gather(*tasks)
                      ^^^^^^^^^^^^^^^^^^^^^^^^^^^^
  File "/media/sf_agent_sanbox_vm/Auto_buy_Crypto/pump_system/market_data/backfill.py", line 77, in runner
    return await self._backfill_symbol_interval(symbol, interval, table_name, start_ms, server_now_ms)
           ^^^^^^^^^^^^^^^^^^^^^^^^^^^^^^^^^^^^^^^^^^^^^^^^^^^^^^^^^^^^^^^^^^^^^^^^^^^^^^^^^^^^^^^^^^^
  File "/media/sf_agent_sanbox_vm/Auto_buy_Crypto/pump_system/market_data/backfill.py", line 132, in _backfill_symbol_interval
    rows = await self.exchange_client.get_klines(
           ^^^^^^^^^^^^^^^^^^^^^^^^^^^^^^^^^^^^^^
  File "/media/sf_agent_sanbox_vm/Auto_buy_Crypto/pump_system/exchange/binance_client.py", line 118, in get_klines
    data = await self._request("GET", "/fapi/v1/klines", signed=False, params=params)
           ^^^^^^^^^^^^^^^^^^^^^^^^^^^^^^^^^^^^^^^^^^^^^^^^^^^^^^^^^^^^^^^^^^^^^^^^^^
  File "/media/sf_agent_sanbox_vm/Auto_buy_Crypto/pump_system/exchange/binance_client.py", line 224, in _request
    raise self._to_error(response.status_code, data)
pump_system.exchange.binance_client.BinanceAPIError: status=429 code=-1003 msg=Too many requests; current limit of IP(180.177.8.138) is 2400 requests per minute. Please use the websocket for live updates to avoid polling the API.
