nohup: ignoring input
[2026-04-25 12:20:56,498] [INFO] [cache.staging] restored staging rows 1m=0 3m=0
[2026-04-25 12:20:56,503] [INFO] [fallback.stop] restored fallback stops active=0
[2026-04-25 12:20:56,655] [INFO] [exchange.binance] server time synced offset_ms=34 rtt_ms=151
[2026-04-25 12:20:56,737] [INFO] [app] symbol registry loaded data_symbols=535 candidate_symbols=528
[2026-04-25 12:20:57,274] [INFO] [market_data.backfill] backfill completed symbol=0GUSDT interval=1m inserted=20
[2026-04-25 12:20:57,329] [INFO] [market_data.backfill] backfill completed symbol=1000000MOGUSDT interval=1m inserted=20
[2026-04-25 12:20:57,359] [INFO] [market_data.backfill] backfill completed symbol=1000000BOBUSDT interval=1m inserted=20
[2026-04-25 12:20:57,363] [INFO] [market_data.backfill] backfill completed symbol=1000000BOBUSDT interval=3m inserted=6
[2026-04-25 12:20:57,368] [INFO] [market_data.backfill] backfill completed symbol=0GUSDT interval=3m inserted=6
[2026-04-25 12:20:57,381] [INFO] [market_data.backfill] backfill completed symbol=1000000MOGUSDT interval=3m inserted=6
[2026-04-25 12:20:57,427] [INFO] [market_data.backfill] backfill completed symbol=1000BONKUSDT interval=1m inserted=20
[2026-04-25 12:20:57,432] [INFO] [market_data.backfill] backfill completed symbol=1000BONKUSDT interval=3m inserted=6
[2026-04-25 12:20:57,438] [INFO] [market_data.backfill] backfill completed symbol=1000CATUSDT interval=1m inserted=20
[2026-04-25 12:20:57,444] [INFO] [market_data.backfill] backfill completed symbol=1000CATUSDT interval=3m inserted=6
[2026-04-25 12:20:57,487] [INFO] [market_data.backfill] backfill completed symbol=1000CHEEMSUSDT interval=1m inserted=20
[2026-04-25 12:20:57,492] [INFO] [market_data.backfill] backfill completed symbol=1000CHEEMSUSDT interval=3m inserted=6
[2026-04-25 12:20:57,498] [INFO] [market_data.backfill] backfill completed symbol=1000FLOKIUSDT interval=1m inserted=20
[2026-04-25 12:20:57,502] [INFO] [market_data.backfill] backfill completed symbol=1000FLOKIUSDT interval=3m inserted=6
[2026-04-25 12:20:57,545] [INFO] [market_data.backfill] backfill completed symbol=1000LUNCUSDT interval=1m inserted=20
[2026-04-25 12:20:57,557] [INFO] [market_data.backfill] backfill completed symbol=1000PEPEUSDT interval=3m inserted=6
[2026-04-25 12:20:57,560] [INFO] [market_data.backfill] backfill completed symbol=1000LUNCUSDT interval=3m inserted=6
[2026-04-25 12:20:57,565] [INFO] [market_data.backfill] backfill completed symbol=1000PEPEUSDT interval=1m inserted=20
[2026-04-25 12:20:57,608] [INFO] [market_data.backfill] backfill completed symbol=1000RATSUSDT interval=1m inserted=20
[2026-04-25 12:20:57,620] [INFO] [market_data.backfill] backfill completed symbol=1000RATSUSDT interval=3m inserted=6
[2026-04-25 12:20:57,622] [INFO] [market_data.backfill] backfill completed symbol=1000SATSUSDT interval=3m inserted=6
[2026-04-25 12:20:57,629] [INFO] [market_data.backfill] backfill completed symbol=1000SATSUSDT interval=1m inserted=20
[2026-04-25 12:20:57,665] [INFO] [market_data.backfill] backfill completed symbol=1000SHIBUSDT interval=1m inserted=20
[2026-04-25 12:20:57,681] [INFO] [market_data.backfill] backfill completed symbol=1000SHIBUSDT interval=3m inserted=6
[2026-04-25 12:20:57,685] [INFO] [market_data.backfill] backfill completed symbol=1000XECUSDT interval=1m inserted=20
[2026-04-25 12:20:57,690] [INFO] [market_data.backfill] backfill completed symbol=1000XECUSDT interval=3m inserted=6
[2026-04-25 12:20:57,719] [INFO] [market_data.backfill] backfill completed symbol=1INCHUSDT interval=1m inserted=20
[2026-04-25 12:20:57,742] [INFO] [market_data.backfill] backfill completed symbol=1INCHUSDT interval=3m inserted=6
[2026-04-25 12:20:57,745] [INFO] [market_data.backfill] backfill completed symbol=1MBABYDOGEUSDT interval=3m inserted=6
[2026-04-25 12:20:57,750] [INFO] [market_data.backfill] backfill completed symbol=1MBABYDOGEUSDT interval=1m inserted=20
[2026-04-25 12:20:57,772] [INFO] [market_data.backfill] backfill completed symbol=2ZUSDT interval=1m inserted=20
[2026-04-25 12:20:57,803] [INFO] [market_data.backfill] backfill completed symbol=2ZUSDT interval=3m inserted=6
[2026-04-25 12:20:57,807] [INFO] [market_data.backfill] backfill completed symbol=4USDT interval=3m inserted=6
[2026-04-25 12:20:57,858] [INFO] [market_data.backfill] backfill completed symbol=AAVEUSDT interval=1m inserted=20
[2026-04-25 12:20:57,866] [INFO] [market_data.backfill] backfill completed symbol=AAVEUSDT interval=3m inserted=6
[2026-04-25 12:20:57,917] [INFO] [market_data.backfill] backfill completed symbol=ACEUSDT interval=3m inserted=6
[2026-04-25 12:20:58,006] [INFO] [market_data.backfill] backfill completed symbol=ACHUSDT interval=3m inserted=6
[2026-04-25 12:20:58,396] [INFO] [notify.telegram] telegram sent event_type=SERVER_TIME_SYNC_OK
[2026-04-25 12:20:58,810] [INFO] [notify.telegram] telegram sent event_type=BACKFILL_STARTED
[2026-04-25 12:20:59,423] [INFO] [market_data.backfill] backfill completed symbol=ACHUSDT interval=1m inserted=936
[2026-04-25 12:20:59,616] [INFO] [market_data.backfill] backfill completed symbol=ACTUSDT interval=3m inserted=6
[2026-04-25 12:21:00,726] [INFO] [market_data.backfill] backfill completed symbol=4USDT interval=1m inserted=1536
[2026-04-25 12:21:01,090] [INFO] [market_data.backfill] backfill completed symbol=ACUUSDT interval=3m inserted=105
[2026-04-25 12:21:02,355] [INFO] [market_data.backfill] backfill completed symbol=ACEUSDT interval=1m inserted=2536
[2026-04-25 12:21:02,990] [INFO] [market_data.backfill] backfill completed symbol=ACTUSDT interval=1m inserted=2536
[2026-04-25 12:21:08,841] [INFO] [market_data.backfill] backfill completed symbol=ACUUSDT interval=1m inserted=4836
[2026-04-25 12:21:09,747] [INFO] [market_data.backfill] backfill completed symbol=ACXUSDT interval=3m inserted=3505
[2026-04-25 12:21:17,065] [INFO] [market_data.backfill] backfill completed symbol=ADAUSDT interval=3m inserted=4399
[2026-04-25 12:21:21,101] [INFO] [market_data.backfill] backfill completed symbol=ACXUSDT interval=1m inserted=11919
[2026-04-25 12:21:22,132] [WARNING] [exchange.binance] request retry method=GET path=/fapi/v1/klines attempt=1/3 delay=1.0s error=status=429 code=-1003 msg=Too many requests; current limit of IP(180.177.8.138) is 2400 requests per minute. Please use the websocket for live updates to avoid polling the API.
[2026-04-25 12:21:22,134] [WARNING] [exchange.binance] request retry method=GET path=/fapi/v1/klines attempt=1/3 delay=1.0s error=status=429 code=-1003 msg=Too many requests; current limit of IP(180.177.8.138) is 2400 requests per minute. Please use the websocket for live updates to avoid polling the API.
[2026-04-25 12:21:22,177] [WARNING] [exchange.binance] request retry method=GET path=/fapi/v1/klines attempt=1/3 delay=1.0s error=status=429 code=-1003 msg=Too many requests; current limit of IP(180.177.8.138) is 2400 requests per minute. Please use the websocket for live updates to avoid polling the API.
[2026-04-25 12:21:22,179] [WARNING] [exchange.binance] request retry method=GET path=/fapi/v1/klines attempt=1/3 delay=1.0s error=status=429 code=-1003 msg=Too many requests; current limit of IP(180.177.8.138) is 2400 requests per minute. Please use the websocket for live updates to avoid polling the API.
[2026-04-25 12:21:23,210] [WARNING] [exchange.binance] request retry method=GET path=/fapi/v1/klines attempt=2/3 delay=2.0s error=status=429 code=-1003 msg=Too many requests; current limit of IP(180.177.8.138) is 2400 requests per minute. Please use the websocket for live updates to avoid polling the API.
[2026-04-25 12:21:23,234] [WARNING] [exchange.binance] request retry method=GET path=/fapi/v1/klines attempt=2/3 delay=2.0s error=status=429 code=-1003 msg=Too many requests; current limit of IP(180.177.8.138) is 2400 requests per minute. Please use the websocket for live updates to avoid polling the API.
[2026-04-25 12:21:23,237] [WARNING] [exchange.binance] request retry method=GET path=/fapi/v1/klines attempt=2/3 delay=2.0s error=status=429 code=-1003 msg=Too many requests; current limit of IP(180.177.8.138) is 2400 requests per minute. Please use the websocket for live updates to avoid polling the API.
[2026-04-25 12:21:23,238] [WARNING] [exchange.binance] request retry method=GET path=/fapi/v1/klines attempt=2/3 delay=2.0s error=status=429 code=-1003 msg=Too many requests; current limit of IP(180.177.8.138) is 2400 requests per minute. Please use the websocket for live updates to avoid polling the API.
[2026-04-25 12:21:23,294] [INFO] [notify.telegram] telegram sent event_type=BINANCE_API_RETRY
[2026-04-25 12:21:23,714] [INFO] [notify.telegram] telegram sent event_type=BINANCE_API_RETRY
[2026-04-25 12:21:24,139] [INFO] [notify.telegram] telegram sent event_type=BINANCE_API_RETRY
[2026-04-25 12:21:24,564] [INFO] [notify.telegram] telegram sent event_type=BINANCE_API_RETRY
[2026-04-25 12:21:24,986] [INFO] [notify.telegram] telegram sent event_type=BINANCE_API_RETRY
[2026-04-25 12:21:25,313] [ERROR] [exchange.binance] request failed method=GET path=/fapi/v1/klines attempt=3/3 error=status=429 code=-1003 msg=Too many requests; current limit of IP(180.177.8.138) is 2400 requests per minute. Please use the websocket for live updates to avoid polling the API.
[2026-04-25 12:21:25,318] [ERROR] [exchange.binance] request failed method=GET path=/fapi/v1/klines attempt=3/3 error=status=429 code=-1003 msg=Too many requests; current limit of IP(180.177.8.138) is 2400 requests per minute. Please use the websocket for live updates to avoid polling the API.
[2026-04-25 12:21:25,320] [ERROR] [app] [BLOCKED] backfill bootstrap failed error=status=429 code=-1003 msg=Too many requests; current limit of IP(180.177.8.138) is 2400 requests per minute. Please use the websocket for live updates to avoid polling the API.
[2026-04-25 12:21:25,322] [ERROR] [exchange.binance] request failed method=GET path=/fapi/v1/klines attempt=3/3 error=status=429 code=-1003 msg=Too many requests; current limit of IP(180.177.8.138) is 2400 requests per minute. Please use the websocket for live updates to avoid polling the API.
[2026-04-25 12:21:25,327] [ERROR] [exchange.binance] request failed method=GET path=/fapi/v1/klines attempt=3/3 error=status=429 code=-1003 msg=Too many requests; current limit of IP(180.177.8.138) is 2400 requests per minute. Please use the websocket for live updates to avoid polling the API.
[2026-04-25 12:21:25,330] [WARNING] [exchange.binance] request retry method=GET path=/fapi/v1/klines attempt=1/3 delay=1.0s error=
[2026-04-25 12:21:25,431] [INFO] [notify.telegram] telegram sent event_type=BINANCE_API_RETRY
[2026-04-25 12:21:25,855] [INFO] [notify.telegram] telegram sent event_type=BINANCE_API_RETRY
[2026-04-25 12:21:26,278] [INFO] [notify.telegram] telegram sent event_type=BINANCE_API_RETRY
[2026-04-25 12:21:26,704] [INFO] [notify.telegram] telegram sent event_type=BINANCE_API_BLOCKED
[2026-04-25 12:21:27,138] [INFO] [notify.telegram] telegram sent event_type=BINANCE_API_BLOCKED
[2026-04-25 12:21:27,549] [INFO] [notify.telegram] telegram sent event_type=BACKFILL_BOOTSTRAP_FAILED
[2026-04-25 12:21:27,970] [INFO] [notify.telegram] telegram sent event_type=APP_SHUTDOWN
[2026-04-25 12:21:28,386] [INFO] [notify.telegram] telegram sent event_type=BINANCE_API_BLOCKED
[2026-04-25 12:21:28,805] [INFO] [notify.telegram] telegram sent event_type=BINANCE_API_BLOCKED
[2026-04-25 12:21:29,230] [INFO] [notify.telegram] telegram sent event_type=BINANCE_API_RETRY
Traceback (most recent call last):
  File "/media/sf_agent_sanbox_vm/Auto_buy_Crypto/main.py", line 40, in <module>
    main()
  File "/media/sf_agent_sanbox_vm/Auto_buy_Crypto/main.py", line 28, in main
    asyncio.run(app.backfill_only())
  File "/usr/lib/python3.12/asyncio/runners.py", line 194, in run
    return runner.run(main)
           ^^^^^^^^^^^^^^^^
  File "/usr/lib/python3.12/asyncio/runners.py", line 118, in run
    return self._loop.run_until_complete(task)
           ^^^^^^^^^^^^^^^^^^^^^^^^^^^^^^^^^^^
  File "/usr/lib/python3.12/asyncio/base_events.py", line 687, in run_until_complete
    return future.result()
           ^^^^^^^^^^^^^^^
  File "/media/sf_agent_sanbox_vm/Auto_buy_Crypto/pump_system/app.py", line 96, in backfill_only
    await self._bootstrap(run_backfill=True)
  File "/media/sf_agent_sanbox_vm/Auto_buy_Crypto/pump_system/app.py", line 171, in _bootstrap
    await self.backfill_service.backfill_universe(sorted(self.symbol_registry.data_symbols))
  File "/media/sf_agent_sanbox_vm/Auto_buy_Crypto/pump_system/market_data/backfill.py", line 84, in backfill_universe
    inserted_counts = await asyncio.gather(*tasks)
                      ^^^^^^^^^^^^^^^^^^^^^^^^^^^^
  File "/media/sf_agent_sanbox_vm/Auto_buy_Crypto/pump_system/market_data/backfill.py", line 77, in runner
    return await self._backfill_symbol_interval(symbol, interval, table_name, start_ms, server_now_ms)
           ^^^^^^^^^^^^^^^^^^^^^^^^^^^^^^^^^^^^^^^^^^^^^^^^^^^^^^^^^^^^^^^^^^^^^^^^^^^^^^^^^^^^^^^^^^^
  File "/media/sf_agent_sanbox_vm/Auto_buy_Crypto/pump_system/market_data/backfill.py", line 132, in _backfill_symbol_interval
    rows = await self.exchange_client.get_klines(
           ^^^^^^^^^^^^^^^^^^^^^^^^^^^^^^^^^^^^^^
  File "/media/sf_agent_sanbox_vm/Auto_buy_Crypto/pump_system/exchange/binance_client.py", line 118, in get_klines
    data = await self._request("GET", "/fapi/v1/klines", signed=False, params=params)
           ^^^^^^^^^^^^^^^^^^^^^^^^^^^^^^^^^^^^^^^^^^^^^^^^^^^^^^^^^^^^^^^^^^^^^^^^^^
  File "/media/sf_agent_sanbox_vm/Auto_buy_Crypto/pump_system/exchange/binance_client.py", line 224, in _request
    raise self._to_error(response.status_code, data)
pump_system.exchange.binance_client.BinanceAPIError: status=429 code=-1003 msg=Too many requests; current limit of IP(180.177.8.138) is 2400 requests per minute. Please use the websocket for live updates to avoid polling the API.
